<?xml version="1.0" encoding="UTF-8"?>
<testng-results ignored="0" total="1" passed="1" failed="0" skipped="0">
  <reporter-output>
  </reporter-output>
  <suite started-at="2025-06-23T14:30:44 IST" name="Default suite" finished-at="2025-06-23T14:31:09 IST" duration-ms="25602">
    <groups>
    </groups>
    <test started-at="2025-06-23T14:30:44 IST" name="Default test" finished-at="2025-06-23T14:31:09 IST" duration-ms="25602">
      <class name="testscripts.AgentCreation">
        <test-method signature="agentCraetionAndView(java.lang.String,java.lang.String,java.lang.String,java.lang.String,java.lang.String,java.lang.String,java.lang.String,java.lang.String,java.lang.String,java.lang.String,java.lang.String)[pri:0, instance:testscripts.AgentCreation@2a3b5b47]" started-at="2025-06-23T14:30:44 IST" name="agentCraetionAndView" data-provider="allData" finished-at="2025-06-23T14:31:09 IST" duration-ms="25525" status="PASS">
          <params>
            <param index="0">
              <value>
                <![CDATA[anjali@scogo.in]]>
              </value>
            </param>
            <param index="1">
              <value>
                <![CDATA[Anjali@910]]>
              </value>
            </param>
            <param index="2">
              <value>
                <![CDATA[Apple India]]>
              </value>
            </param>
            <param index="3">
              <value>
                <![CDATA[Apple India]]>
              </value>
            </param>
            <param index="4">
              <value>
                <![CDATA[logo.png]]>
              </value>
            </param>
            <param index="5">
              <value>
                <![CDATA[https://www.apple.com/in/]]>
              </value>
            </param>
            <param index="6">
              <value>
                <![CDATA[Pranav]]>
              </value>
            </param>
            <param index="7">
              <value>
                <![CDATA[Pranav]]>
              </value>
            </param>
            <param index="8">
              <value>
                <![CDATA[Ind Store]]>
              </value>
            </param>
            <param index="9">
              <value>
                <![CDATA[IND NEW STORE]]>
              </value>
            </param>
            <param index="10">
              <value>
                <![CDATA[Abp News]]>
              </value>
            </param>
          </params>
          <reporter-output>
          </reporter-output>
        </test-method> <!-- agentCraetionAndView -->
      </class> <!-- testscripts.AgentCreation -->
    </test> <!-- Default test -->
  </suite> <!-- Default suite -->
</testng-results>
